<?xml version="1.0" encoding="UTF-8"?>
<testng-results ignored="0" total="1" passed="1" failed="0" skipped="0">
  <reporter-output>
  </reporter-output>
  <suite started-at="2022-08-04T22:49:26 AST" name="Default suite" finished-at="2022-08-04T22:49:37 AST" duration-ms="10991">
    <groups>
    </groups>
    <test started-at="2022-08-04T22:49:26 AST" name="Default test" finished-at="2022-08-04T22:49:37 AST" duration-ms="10991">
      <class name="dissW9D5.ChromWhebDriver">
        <test-method is-config="true" signature="setUp()[pri:0, instance:dissW9D5.ChromWhebDriver@60dcc9fe]" started-at="2022-08-04T22:49:26 AST" name="setUp" finished-at="2022-08-04T22:49:32 AST" duration-ms="6479" status="PASS">
          <reporter-output>
          </reporter-output>
        </test-method> <!-- setUp -->
        <test-method signature="LearnEnglishWebSite()[pri:0, instance:dissW9D5.ChromWhebDriver@60dcc9fe]" started-at="2022-08-04T22:49:32 AST" name="LearnEnglishWebSite" finished-at="2022-08-04T22:49:36 AST" duration-ms="4079" status="PASS">
          <reporter-output>
          </reporter-output>
        </test-method> <!-- LearnEnglishWebSite -->
        <test-method is-config="true" signature="terminateBrowser()[pri:0, instance:dissW9D5.ChromWhebDriver@60dcc9fe]" started-at="2022-08-04T22:49:36 AST" name="terminateBrowser" finished-at="2022-08-04T22:49:37 AST" duration-ms="404" status="PASS">
          <reporter-output>
          </reporter-output>
        </test-method> <!-- terminateBrowser -->
      </class> <!-- dissW9D5.ChromWhebDriver -->
    </test> <!-- Default test -->
  </suite> <!-- Default suite -->
</testng-results>
